<?xml version="1.0" encoding="UTF-8" ?>
<testsuite errors="0" failures="0" hostname="Nico.local" name="le.space.RegistrationTests" tests="3" time="92.976" timestamp="2010-11-03T13:34:20">
  <properties />
  <testcase classname="le.space.RegistrationTests" name="testAddDayTicket" time="75.565" />
  <testcase classname="le.space.RegistrationTests" name="testAdd10DayTicket" time="13.472" />
  <testcase classname="le.space.RegistrationTests" name="testCustomerPublicationOnWebsite" time="3.871" />
  <system-out><![CDATA[--Output from testAddDayTicket--
url: http://localhost:8080/le-space/ secureServerUrl: https://localhost:8443/le-space 
[native2ascii] Converting 1 file from /Users/nico/NetBeansProjects/le-space/grails-app/i18n to /Users/nico/.grails/1.3.4/projects/le-space/resources/grails-app/i18n
Server And Context from config file: set http://localhost:8080/le-space/
Request servlet path: /grails/public/step3.dispatch
Request with context: http://localhost:8080/le-space
context only: /le-space
Server And Context from config file: set http://localhost:8080/le-space/
Request servlet path: /grails/public/register.dispatch
Request with context: http://localhost:8080/le-space
context only: /le-space
--Output from testAdd10DayTicket--
url: http://localhost:8080/le-space/ secureServerUrl: https://localhost:8443/le-space 
Server And Context from config file: set http://localhost:8080/le-space/
Request servlet path: /grails/public/step2.dispatch
Request with context: http://localhost:8080/le-space
context only: /le-space
Server And Context from config file: set http://localhost:8080/le-space/
Request servlet path: /grails/public/step2.dispatch
Request with context: http://localhost:8080/le-space
context only: /le-space
Server And Context from config file: set http://localhost:8080/le-space/
Request servlet path: /grails/public/register.dispatch
Request with context: http://localhost:8080/le-space
context only: /le-space
--Output from testCustomerPublicationOnWebsite--
url: http://localhost:8080/le-space/ secureServerUrl: https://localhost:8443/le-space 
]]></system-out>
  <system-err><![CDATA[--Output from testAddDayTicket--
--Output from testAdd10DayTicket--
--Output from testCustomerPublicationOnWebsite--
]]></system-err>
</testsuite>
